<?xml version="1.0" encoding="UTF-8"?>
<!-- Generated by org.testng.reporters.JUnitReportReporter -->
<testsuite hostname="LAPTOP-741J8H39" failures="0" tests="3" name="KayakPageTestCases.Page1TestCases" time="15.414" errors="0" timestamp="2023-01-10T21:38:36 IST" skipped="0">
  <testcase classname="KayakPageTestCases.Page1TestCases" name="verifyCurrentUrl" time="4.149"/>
  <testcase classname="KayakPageTestCases.Page1TestCases" name="verifyTitleTest" time="6.441"/>
  <testcase classname="KayakPageTestCases.Page1TestCases" name="scrollPageTest" time="4.824"/>
</testsuite> <!-- KayakPageTestCases.Page1TestCases -->
