<?xml version="1.0" encoding="UTF-8"?>
<!-- Generated by org.testng.reporters.JUnitReportReporter -->
<testsuite hostname="LAPTOP-741J8H39" failures="0" tests="1" name="TestCase.ExecuteTestCase" time="8.607" errors="0" timestamp="2022-12-30T20:44:26 IST" skipped="0">
  <testcase classname="TestCase.ExecuteTestCase" name="verifyProductTitleTest" time="8.607"/>
</testsuite> <!-- TestCase.ExecuteTestCase -->
